<?xml version="1.0" encoding="UTF-8"?>
<beans xmlns="http://www.springframework.org/schema/beans"
       xmlns:xsi="http://www.w3.org/2001/XMLSchema-instance"
       xsi:schemaLocation="http://www.springframework.org/schema/beans 
	   					   http://www.springframework.org/schema/beans/spring-beans-3.0.xsd">
	<bean id="connectionMaker" class="com.hyoungki.study.dao.DConnectionMaker"/>
	
	<bean id="dataSource" class="org.springframework.jdbc.datasource.SimpleDriverDataSource">
		<property name="driverClass" value="oracle.jdbc.driver.OracleDriver"/>
		<property name="url" value="jdbc:oracle:thin:@localhost:1521:xe"/>
		<property name="username" value="curix"/>
		<property name="password" value="1234"/>
	</bean>

	<bean id="userService" class="com.hyoungki.study.service.UserService">
		<property name="userLevelUpgradePolicy" ref="userLevelUpgradePolicy"/>
		<property name="userDao" ref="userDao"/>
		<property name="dataSource" ref="dataSource"/>
	</bean>

	<bean id="userLevelUpgradePolicy" class="com.hyoungki.study.service.UserLevelUpgradeDefaultPolicy">
		<property name="userDao" ref="userDao"/>
	</bean>
	
	<bean id="userDao" class="com.hyoungki.study.dao.UserDaoJdbc" >
		<property name="dataSource" ref="dataSource"/>
	</bean>
	
	<bean id="jdbcContext" class="com.hyoungki.study.dao.JdbcContext">
		<property name="dataSource" ref="dataSource"/>
	</bean>
</beans>